app/build/intermediates/manifest_merge_blame_file/debug/manifest-merger-blame-debug-report.txt
1<?xml version="1.0" encoding="utf-8"?>
2<manifest xmlns:android="http://schemas.android.com/apk/res/android"
3    package="com.smit.finalproject"
4    android:versionCode="1"
5    android:versionName="1.0" >
6
7    <uses-sdk
8        android:minSdkVersion="21"
8-->src/main/AndroidManifest.xml
9        android:targetSdkVersion="29" />
9-->src/main/AndroidManifest.xml
10
11    <uses-permission android:name="android.permission.ACCESS_NETWORK_STATE" />
11-->src/main/AndroidManifest.xml:5:5-79
11-->src/main/AndroidManifest.xml:5:22-76
12    <uses-permission android:name="android.permission.INTERNET" />
12-->src/main/AndroidManifest.xml:6:5-67
12-->src/main/AndroidManifest.xml:6:22-64
13
14    <application
14-->src/main/AndroidManifest.xml:8:5-50:19
15        android:allowBackup="true"
15-->src/main/AndroidManifest.xml:9:9-35
16        android:appComponentFactory="androidx.core.app.CoreComponentFactory"
16-->[androidx.core:core:1.2.0] AndroidManifest.xml:24:18-86
17        android:debuggable="true"
18        android:icon="@drawable/drawer_icon"
18-->src/main/AndroidManifest.xml:10:9-45
19        android:label="@string/app_name"
19-->src/main/AndroidManifest.xml:11:9-41
20        android:networkSecurityConfig="@xml/network_security_config"
20-->src/main/AndroidManifest.xml:12:9-69
21        android:resizeableActivity="false"
21-->src/main/AndroidManifest.xml:13:9-43
22        android:roundIcon="@drawable/drawer_icon"
22-->src/main/AndroidManifest.xml:14:9-50
23        android:supportsRtl="true"
23-->src/main/AndroidManifest.xml:15:9-35
24        android:theme="@style/AppTheme" >
24-->src/main/AndroidManifest.xml:16:9-40
25        <activity
25-->src/main/AndroidManifest.xml:17:9-19:51
26            android:name="com.smit.finalproject.activity.OrderPlacedActivity"
26-->src/main/AndroidManifest.xml:17:19-63
27            android:configChanges="orientation|screenSize"
27-->src/main/AndroidManifest.xml:18:13-59
28            android:screenOrientation="portrait" />
28-->src/main/AndroidManifest.xml:19:13-49
29        <activity
29-->src/main/AndroidManifest.xml:20:9-22:51
30            android:name="com.smit.finalproject.activity.RestaurantMenuActivity"
30-->src/main/AndroidManifest.xml:20:19-66
31            android:configChanges="orientation|screenSize"
31-->src/main/AndroidManifest.xml:21:13-59
32            android:screenOrientation="portrait" />
32-->src/main/AndroidManifest.xml:22:13-49
33        <activity
33-->src/main/AndroidManifest.xml:23:9-26:52
34            android:name="com.smit.finalproject.activity.OtpActivity"
34-->src/main/AndroidManifest.xml:24:13-49
35            android:configChanges="orientation|screenSize"
35-->src/main/AndroidManifest.xml:25:13-59
36            android:screenOrientation="portrait" />
36-->src/main/AndroidManifest.xml:26:13-49
37        <activity
37-->src/main/AndroidManifest.xml:27:9-30:52
38            android:name="com.smit.finalproject.activity.ForgotPassActivity"
38-->src/main/AndroidManifest.xml:28:13-56
39            android:configChanges="orientation|screenSize"
39-->src/main/AndroidManifest.xml:29:13-59
40            android:screenOrientation="portrait" />
40-->src/main/AndroidManifest.xml:30:13-49
41        <activity
41-->src/main/AndroidManifest.xml:31:9-34:52
42            android:name="com.smit.finalproject.activity.RegisterActivity"
42-->src/main/AndroidManifest.xml:32:13-54
43            android:configChanges="orientation|screenSize"
43-->src/main/AndroidManifest.xml:33:13-59
44            android:screenOrientation="portrait" />
44-->src/main/AndroidManifest.xml:34:13-49
45        <activity
45-->src/main/AndroidManifest.xml:35:9-38:52
46            android:name="com.smit.finalproject.activity.LoginActivity"
46-->src/main/AndroidManifest.xml:36:13-51
47            android:configChanges="orientation|screenSize"
47-->src/main/AndroidManifest.xml:37:13-59
48            android:screenOrientation="portrait" />
48-->src/main/AndroidManifest.xml:38:13-49
49        <activity
49-->src/main/AndroidManifest.xml:39:9-48:20
50            android:name="com.smit.finalproject.activity.SplashActivity"
50-->src/main/AndroidManifest.xml:40:13-52
51            android:configChanges="orientation|screenSize"
51-->src/main/AndroidManifest.xml:41:13-59
52            android:screenOrientation="portrait" >
52-->src/main/AndroidManifest.xml:42:13-49
53            <intent-filter>
53-->src/main/AndroidManifest.xml:43:13-47:29
54                <action android:name="android.intent.action.MAIN" />
54-->src/main/AndroidManifest.xml:44:17-69
54-->src/main/AndroidManifest.xml:44:25-66
55
56                <category android:name="android.intent.category.LAUNCHER" />
56-->src/main/AndroidManifest.xml:46:17-77
56-->src/main/AndroidManifest.xml:46:27-74
57            </intent-filter>
58        </activity>
59        <activity android:name="com.smit.finalproject.activity.MainActivity" />
59-->src/main/AndroidManifest.xml:49:9-59
59-->src/main/AndroidManifest.xml:49:19-56
60
61        <service
61-->[androidx.room:room-runtime:2.2.5] AndroidManifest.xml:25:9-28:40
62            android:name="androidx.room.MultiInstanceInvalidationService"
62-->[androidx.room:room-runtime:2.2.5] AndroidManifest.xml:26:13-74
63            android:directBootAware="true"
63-->[androidx.room:room-runtime:2.2.5] AndroidManifest.xml:27:13-43
64            android:exported="false" />
64-->[androidx.room:room-runtime:2.2.5] AndroidManifest.xml:28:13-37
65
66        <provider
66-->[com.squareup.picasso:picasso:2.71828] AndroidManifest.xml:8:9-11:40
67            android:name="com.squareup.picasso.PicassoProvider"
67-->[com.squareup.picasso:picasso:2.71828] AndroidManifest.xml:9:13-64
68            android:authorities="com.smit.finalproject.com.squareup.picasso"
68-->[com.squareup.picasso:picasso:2.71828] AndroidManifest.xml:10:13-72
69            android:exported="false" />
69-->[com.squareup.picasso:picasso:2.71828] AndroidManifest.xml:11:13-37
70        <provider
70-->[androidx.lifecycle:lifecycle-process:2.0.0] AndroidManifest.xml:23:9-27:43
71            android:name="androidx.lifecycle.ProcessLifecycleOwnerInitializer"
71-->[androidx.lifecycle:lifecycle-process:2.0.0] AndroidManifest.xml:24:13-79
72            android:authorities="com.smit.finalproject.lifecycle-process"
72-->[androidx.lifecycle:lifecycle-process:2.0.0] AndroidManifest.xml:25:13-69
73            android:exported="false"
73-->[androidx.lifecycle:lifecycle-process:2.0.0] AndroidManifest.xml:26:13-37
74            android:multiprocess="true" />
74-->[androidx.lifecycle:lifecycle-process:2.0.0] AndroidManifest.xml:27:13-40
75    </application>
76
77</manifest>